C:\USERS\ADIL\SKYDRIVE\UTFPR\ENGENHARIA\2 PERIODO\SIMãO 1\PROJETO\MEET THE SCOUT COM SALVAR JOGADA(PERSISTENCIA) E CARREGAR DADOS\MEET THE SCOUT\MEET THE SCOUT\RELEASE\CAIXA.OBJ
C:\USERS\ADIL\SKYDRIVE\UTFPR\ENGENHARIA\2 PERIODO\SIMãO 1\PROJETO\MEET THE SCOUT COM SALVAR JOGADA(PERSISTENCIA) E CARREGAR DADOS\MEET THE SCOUT\MEET THE SCOUT\RELEASE\CART.OBJ
C:\USERS\ADIL\SKYDRIVE\UTFPR\ENGENHARIA\2 PERIODO\SIMãO 1\PROJETO\MEET THE SCOUT COM SALVAR JOGADA(PERSISTENCIA) E CARREGAR DADOS\MEET THE SCOUT\MEET THE SCOUT\RELEASE\CENARIO.OBJ
C:\USERS\ADIL\SKYDRIVE\UTFPR\ENGENHARIA\2 PERIODO\SIMãO 1\PROJETO\MEET THE SCOUT COM SALVAR JOGADA(PERSISTENCIA) E CARREGAR DADOS\MEET THE SCOUT\MEET THE SCOUT\RELEASE\CENARIO1.OBJ
C:\USERS\ADIL\SKYDRIVE\UTFPR\ENGENHARIA\2 PERIODO\SIMãO 1\PROJETO\MEET THE SCOUT COM SALVAR JOGADA(PERSISTENCIA) E CARREGAR DADOS\MEET THE SCOUT\MEET THE SCOUT\RELEASE\CENARIO2.OBJ
C:\USERS\ADIL\SKYDRIVE\UTFPR\ENGENHARIA\2 PERIODO\SIMãO 1\PROJETO\MEET THE SCOUT COM SALVAR JOGADA(PERSISTENCIA) E CARREGAR DADOS\MEET THE SCOUT\MEET THE SCOUT\RELEASE\CENARIO3.OBJ
C:\USERS\ADIL\SKYDRIVE\UTFPR\ENGENHARIA\2 PERIODO\SIMãO 1\PROJETO\MEET THE SCOUT COM SALVAR JOGADA(PERSISTENCIA) E CARREGAR DADOS\MEET THE SCOUT\MEET THE SCOUT\RELEASE\CONTAINER.OBJ
C:\USERS\ADIL\SKYDRIVE\UTFPR\ENGENHARIA\2 PERIODO\SIMãO 1\PROJETO\MEET THE SCOUT COM SALVAR JOGADA(PERSISTENCIA) E CARREGAR DADOS\MEET THE SCOUT\MEET THE SCOUT\RELEASE\DEMOMAN.OBJ
C:\USERS\ADIL\SKYDRIVE\UTFPR\ENGENHARIA\2 PERIODO\SIMãO 1\PROJETO\MEET THE SCOUT COM SALVAR JOGADA(PERSISTENCIA) E CARREGAR DADOS\MEET THE SCOUT\MEET THE SCOUT\RELEASE\DISPENSER.OBJ
C:\USERS\ADIL\SKYDRIVE\UTFPR\ENGENHARIA\2 PERIODO\SIMãO 1\PROJETO\MEET THE SCOUT COM SALVAR JOGADA(PERSISTENCIA) E CARREGAR DADOS\MEET THE SCOUT\MEET THE SCOUT\RELEASE\ENGINEER.OBJ
C:\USERS\ADIL\SKYDRIVE\UTFPR\ENGENHARIA\2 PERIODO\SIMãO 1\PROJETO\MEET THE SCOUT COM SALVAR JOGADA(PERSISTENCIA) E CARREGAR DADOS\MEET THE SCOUT\MEET THE SCOUT\RELEASE\ENTIDADE.OBJ
C:\USERS\ADIL\SKYDRIVE\UTFPR\ENGENHARIA\2 PERIODO\SIMãO 1\PROJETO\MEET THE SCOUT COM SALVAR JOGADA(PERSISTENCIA) E CARREGAR DADOS\MEET THE SCOUT\MEET THE SCOUT\RELEASE\FABRICAOBSTACULO.OBJ
C:\USERS\ADIL\SKYDRIVE\UTFPR\ENGENHARIA\2 PERIODO\SIMãO 1\PROJETO\MEET THE SCOUT COM SALVAR JOGADA(PERSISTENCIA) E CARREGAR DADOS\MEET THE SCOUT\MEET THE SCOUT\RELEASE\FASE.OBJ
C:\USERS\ADIL\SKYDRIVE\UTFPR\ENGENHARIA\2 PERIODO\SIMãO 1\PROJETO\MEET THE SCOUT COM SALVAR JOGADA(PERSISTENCIA) E CARREGAR DADOS\MEET THE SCOUT\MEET THE SCOUT\RELEASE\FASE1.OBJ
C:\USERS\ADIL\SKYDRIVE\UTFPR\ENGENHARIA\2 PERIODO\SIMãO 1\PROJETO\MEET THE SCOUT COM SALVAR JOGADA(PERSISTENCIA) E CARREGAR DADOS\MEET THE SCOUT\MEET THE SCOUT\RELEASE\FASE2.OBJ
C:\USERS\ADIL\SKYDRIVE\UTFPR\ENGENHARIA\2 PERIODO\SIMãO 1\PROJETO\MEET THE SCOUT COM SALVAR JOGADA(PERSISTENCIA) E CARREGAR DADOS\MEET THE SCOUT\MEET THE SCOUT\RELEASE\FASE3.OBJ
C:\USERS\ADIL\SKYDRIVE\UTFPR\ENGENHARIA\2 PERIODO\SIMãO 1\PROJETO\MEET THE SCOUT COM SALVAR JOGADA(PERSISTENCIA) E CARREGAR DADOS\MEET THE SCOUT\MEET THE SCOUT\RELEASE\FASEBATALHA.OBJ
C:\USERS\ADIL\SKYDRIVE\UTFPR\ENGENHARIA\2 PERIODO\SIMãO 1\PROJETO\MEET THE SCOUT COM SALVAR JOGADA(PERSISTENCIA) E CARREGAR DADOS\MEET THE SCOUT\MEET THE SCOUT\RELEASE\FUNDO.OBJ
C:\USERS\ADIL\SKYDRIVE\UTFPR\ENGENHARIA\2 PERIODO\SIMãO 1\PROJETO\MEET THE SCOUT COM SALVAR JOGADA(PERSISTENCIA) E CARREGAR DADOS\MEET THE SCOUT\MEET THE SCOUT\RELEASE\GERENCIADOR_SAVE.OBJ
C:\USERS\ADIL\SKYDRIVE\UTFPR\ENGENHARIA\2 PERIODO\SIMãO 1\PROJETO\MEET THE SCOUT COM SALVAR JOGADA(PERSISTENCIA) E CARREGAR DADOS\MEET THE SCOUT\MEET THE SCOUT\RELEASE\GERENCIADORARQUIVOS.OBJ
C:\USERS\ADIL\SKYDRIVE\UTFPR\ENGENHARIA\2 PERIODO\SIMãO 1\PROJETO\MEET THE SCOUT COM SALVAR JOGADA(PERSISTENCIA) E CARREGAR DADOS\MEET THE SCOUT\MEET THE SCOUT\RELEASE\GERENCIADORCOLISAO.OBJ
C:\USERS\ADIL\SKYDRIVE\UTFPR\ENGENHARIA\2 PERIODO\SIMãO 1\PROJETO\MEET THE SCOUT COM SALVAR JOGADA(PERSISTENCIA) E CARREGAR DADOS\MEET THE SCOUT\MEET THE SCOUT\RELEASE\GERENCIADORGRAFICO.OBJ
C:\USERS\ADIL\SKYDRIVE\UTFPR\ENGENHARIA\2 PERIODO\SIMãO 1\PROJETO\MEET THE SCOUT COM SALVAR JOGADA(PERSISTENCIA) E CARREGAR DADOS\MEET THE SCOUT\MEET THE SCOUT\RELEASE\HEAVY.OBJ
C:\USERS\ADIL\SKYDRIVE\UTFPR\ENGENHARIA\2 PERIODO\SIMãO 1\PROJETO\MEET THE SCOUT COM SALVAR JOGADA(PERSISTENCIA) E CARREGAR DADOS\MEET THE SCOUT\MEET THE SCOUT\RELEASE\IMPRIMEINFOS.OBJ
C:\USERS\ADIL\SKYDRIVE\UTFPR\ENGENHARIA\2 PERIODO\SIMãO 1\PROJETO\MEET THE SCOUT COM SALVAR JOGADA(PERSISTENCIA) E CARREGAR DADOS\MEET THE SCOUT\MEET THE SCOUT\RELEASE\INIMIGO.OBJ
C:\USERS\ADIL\SKYDRIVE\UTFPR\ENGENHARIA\2 PERIODO\SIMãO 1\PROJETO\MEET THE SCOUT COM SALVAR JOGADA(PERSISTENCIA) E CARREGAR DADOS\MEET THE SCOUT\MEET THE SCOUT\RELEASE\JOGADOR.OBJ
C:\USERS\ADIL\SKYDRIVE\UTFPR\ENGENHARIA\2 PERIODO\SIMãO 1\PROJETO\MEET THE SCOUT COM SALVAR JOGADA(PERSISTENCIA) E CARREGAR DADOS\MEET THE SCOUT\MEET THE SCOUT\RELEASE\JOGO.OBJ
C:\USERS\ADIL\SKYDRIVE\UTFPR\ENGENHARIA\2 PERIODO\SIMãO 1\PROJETO\MEET THE SCOUT COM SALVAR JOGADA(PERSISTENCIA) E CARREGAR DADOS\MEET THE SCOUT\MEET THE SCOUT\RELEASE\MEET THE SCOUT.EXE.INTERMEDIATE.MANIFEST
C:\USERS\ADIL\SKYDRIVE\UTFPR\ENGENHARIA\2 PERIODO\SIMãO 1\PROJETO\MEET THE SCOUT COM SALVAR JOGADA(PERSISTENCIA) E CARREGAR DADOS\MEET THE SCOUT\MEET THE SCOUT\RELEASE\MEET THE SCOUT.OBJ
C:\USERS\ADIL\SKYDRIVE\UTFPR\ENGENHARIA\2 PERIODO\SIMãO 1\PROJETO\MEET THE SCOUT COM SALVAR JOGADA(PERSISTENCIA) E CARREGAR DADOS\MEET THE SCOUT\MEET THE SCOUT\RELEASE\MEET THE SCOUT.PCH
C:\USERS\ADIL\SKYDRIVE\UTFPR\ENGENHARIA\2 PERIODO\SIMãO 1\PROJETO\MEET THE SCOUT COM SALVAR JOGADA(PERSISTENCIA) E CARREGAR DADOS\MEET THE SCOUT\MEET THE SCOUT\RELEASE\MENU.OBJ
C:\USERS\ADIL\SKYDRIVE\UTFPR\ENGENHARIA\2 PERIODO\SIMãO 1\PROJETO\MEET THE SCOUT COM SALVAR JOGADA(PERSISTENCIA) E CARREGAR DADOS\MEET THE SCOUT\MEET THE SCOUT\RELEASE\MENUESCOLHERFASE.OBJ
C:\USERS\ADIL\SKYDRIVE\UTFPR\ENGENHARIA\2 PERIODO\SIMãO 1\PROJETO\MEET THE SCOUT COM SALVAR JOGADA(PERSISTENCIA) E CARREGAR DADOS\MEET THE SCOUT\MEET THE SCOUT\RELEASE\MENUJOGAR.OBJ
C:\USERS\ADIL\SKYDRIVE\UTFPR\ENGENHARIA\2 PERIODO\SIMãO 1\PROJETO\MEET THE SCOUT COM SALVAR JOGADA(PERSISTENCIA) E CARREGAR DADOS\MEET THE SCOUT\MEET THE SCOUT\RELEASE\MENUPAUSAR.OBJ
C:\USERS\ADIL\SKYDRIVE\UTFPR\ENGENHARIA\2 PERIODO\SIMãO 1\PROJETO\MEET THE SCOUT COM SALVAR JOGADA(PERSISTENCIA) E CARREGAR DADOS\MEET THE SCOUT\MEET THE SCOUT\RELEASE\MENURAIZ.OBJ
C:\USERS\ADIL\SKYDRIVE\UTFPR\ENGENHARIA\2 PERIODO\SIMãO 1\PROJETO\MEET THE SCOUT COM SALVAR JOGADA(PERSISTENCIA) E CARREGAR DADOS\MEET THE SCOUT\MEET THE SCOUT\RELEASE\OBSTACULO.OBJ
C:\USERS\ADIL\SKYDRIVE\UTFPR\ENGENHARIA\2 PERIODO\SIMãO 1\PROJETO\MEET THE SCOUT COM SALVAR JOGADA(PERSISTENCIA) E CARREGAR DADOS\MEET THE SCOUT\MEET THE SCOUT\RELEASE\PERSONAGEM.OBJ
C:\USERS\ADIL\SKYDRIVE\UTFPR\ENGENHARIA\2 PERIODO\SIMãO 1\PROJETO\MEET THE SCOUT COM SALVAR JOGADA(PERSISTENCIA) E CARREGAR DADOS\MEET THE SCOUT\MEET THE SCOUT\RELEASE\PRINCIPAL.OBJ
C:\USERS\ADIL\SKYDRIVE\UTFPR\ENGENHARIA\2 PERIODO\SIMãO 1\PROJETO\MEET THE SCOUT COM SALVAR JOGADA(PERSISTENCIA) E CARREGAR DADOS\MEET THE SCOUT\MEET THE SCOUT\RELEASE\PYRO.OBJ
C:\USERS\ADIL\SKYDRIVE\UTFPR\ENGENHARIA\2 PERIODO\SIMãO 1\PROJETO\MEET THE SCOUT COM SALVAR JOGADA(PERSISTENCIA) E CARREGAR DADOS\MEET THE SCOUT\MEET THE SCOUT\RELEASE\SENTRY.OBJ
C:\USERS\ADIL\SKYDRIVE\UTFPR\ENGENHARIA\2 PERIODO\SIMãO 1\PROJETO\MEET THE SCOUT COM SALVAR JOGADA(PERSISTENCIA) E CARREGAR DADOS\MEET THE SCOUT\MEET THE SCOUT\RELEASE\SOLDIER.OBJ
C:\USERS\ADIL\SKYDRIVE\UTFPR\ENGENHARIA\2 PERIODO\SIMãO 1\PROJETO\MEET THE SCOUT COM SALVAR JOGADA(PERSISTENCIA) E CARREGAR DADOS\MEET THE SCOUT\MEET THE SCOUT\RELEASE\SPY.OBJ
C:\USERS\ADIL\SKYDRIVE\UTFPR\ENGENHARIA\2 PERIODO\SIMãO 1\PROJETO\MEET THE SCOUT COM SALVAR JOGADA(PERSISTENCIA) E CARREGAR DADOS\MEET THE SCOUT\MEET THE SCOUT\RELEASE\STDAFX.OBJ
C:\USERS\ADIL\SKYDRIVE\UTFPR\ENGENHARIA\2 PERIODO\SIMãO 1\PROJETO\MEET THE SCOUT COM SALVAR JOGADA(PERSISTENCIA) E CARREGAR DADOS\MEET THE SCOUT\MEET THE SCOUT\RELEASE\TECLADO.OBJ
C:\USERS\ADIL\SKYDRIVE\UTFPR\ENGENHARIA\2 PERIODO\SIMãO 1\PROJETO\MEET THE SCOUT COM SALVAR JOGADA(PERSISTENCIA) E CARREGAR DADOS\MEET THE SCOUT\MEET THE SCOUT\RELEASE\TECS.OBJ
C:\USERS\ADIL\SKYDRIVE\UTFPR\ENGENHARIA\2 PERIODO\SIMãO 1\PROJETO\MEET THE SCOUT COM SALVAR JOGADA(PERSISTENCIA) E CARREGAR DADOS\MEET THE SCOUT\MEET THE SCOUT\RELEASE\TIMERFPS.OBJ
C:\USERS\ADIL\SKYDRIVE\UTFPR\ENGENHARIA\2 PERIODO\SIMãO 1\PROJETO\MEET THE SCOUT COM SALVAR JOGADA(PERSISTENCIA) E CARREGAR DADOS\MEET THE SCOUT\MEET THE SCOUT\RELEASE\USUARIO.OBJ
C:\USERS\ADIL\SKYDRIVE\UTFPR\ENGENHARIA\2 PERIODO\SIMÃO 1\PROJETO\MEET THE SCOUT COM SALVAR JOGADA(PERSISTENCIA) E CARREGAR DADOS\MEET THE SCOUT\MEET THE SCOUT\RELEASE\VC100.PDB
C:\USERS\ADIL\SKYDRIVE\UTFPR\ENGENHARIA\2 PERIODO\SIMãO 1\PROJETO\MEET THE SCOUT COM SALVAR JOGADA(PERSISTENCIA) E CARREGAR DADOS\MEET THE SCOUT\RELEASE\MEET THE SCOUT.EXE
C:\USERS\ADIL\SKYDRIVE\UTFPR\ENGENHARIA\2 PERIODO\SIMÃO 1\PROJETO\MEET THE SCOUT COM SALVAR JOGADA(PERSISTENCIA) E CARREGAR DADOS\MEET THE SCOUT\RELEASE\MEET THE SCOUT.PDB
C:\USERS\PCHOME\DESKTOP\PERíODO 2\PROGRAMACAO 2\PROJETO\MEET THE SCOUT - FINAL\MEET THE SCOUT\RELEASE\CAIXA.OBJ
C:\USERS\PCHOME\DESKTOP\PERíODO 2\PROGRAMACAO 2\PROJETO\MEET THE SCOUT - FINAL\MEET THE SCOUT\RELEASE\CART.OBJ
C:\USERS\PCHOME\DESKTOP\PERíODO 2\PROGRAMACAO 2\PROJETO\MEET THE SCOUT - FINAL\MEET THE SCOUT\RELEASE\CENARIO.OBJ
C:\USERS\PCHOME\DESKTOP\PERíODO 2\PROGRAMACAO 2\PROJETO\MEET THE SCOUT - FINAL\MEET THE SCOUT\RELEASE\CENARIO1.OBJ
C:\USERS\PCHOME\DESKTOP\PERíODO 2\PROGRAMACAO 2\PROJETO\MEET THE SCOUT - FINAL\MEET THE SCOUT\RELEASE\CENARIO2.OBJ
C:\USERS\PCHOME\DESKTOP\PERíODO 2\PROGRAMACAO 2\PROJETO\MEET THE SCOUT - FINAL\MEET THE SCOUT\RELEASE\CENARIO3.OBJ
C:\Users\PCHOME\Desktop\Período 2\Programacao 2\Projeto\Meet The Scout - FINAL\Meet The Scout\Release\cl.command.1.tlog
C:\Users\PCHOME\Desktop\Período 2\Programacao 2\Projeto\Meet The Scout - FINAL\Meet The Scout\Release\CL.read.1.tlog
C:\Users\PCHOME\Desktop\Período 2\Programacao 2\Projeto\Meet The Scout - FINAL\Meet The Scout\Release\CL.write.1.tlog
C:\USERS\PCHOME\DESKTOP\PERíODO 2\PROGRAMACAO 2\PROJETO\MEET THE SCOUT - FINAL\MEET THE SCOUT\RELEASE\CONTAINER.OBJ
C:\USERS\PCHOME\DESKTOP\PERíODO 2\PROGRAMACAO 2\PROJETO\MEET THE SCOUT - FINAL\MEET THE SCOUT\RELEASE\DEMOMAN.OBJ
C:\USERS\PCHOME\DESKTOP\PERíODO 2\PROGRAMACAO 2\PROJETO\MEET THE SCOUT - FINAL\MEET THE SCOUT\RELEASE\DISPENSER.OBJ
C:\USERS\PCHOME\DESKTOP\PERíODO 2\PROGRAMACAO 2\PROJETO\MEET THE SCOUT - FINAL\MEET THE SCOUT\RELEASE\ENGINEER.OBJ
C:\USERS\PCHOME\DESKTOP\PERíODO 2\PROGRAMACAO 2\PROJETO\MEET THE SCOUT - FINAL\MEET THE SCOUT\RELEASE\ENTIDADE.OBJ
C:\USERS\PCHOME\DESKTOP\PERíODO 2\PROGRAMACAO 2\PROJETO\MEET THE SCOUT - FINAL\MEET THE SCOUT\RELEASE\FABRICAOBSTACULO.OBJ
C:\USERS\PCHOME\DESKTOP\PERíODO 2\PROGRAMACAO 2\PROJETO\MEET THE SCOUT - FINAL\MEET THE SCOUT\RELEASE\FASE.OBJ
C:\USERS\PCHOME\DESKTOP\PERíODO 2\PROGRAMACAO 2\PROJETO\MEET THE SCOUT - FINAL\MEET THE SCOUT\RELEASE\FASE1.OBJ
C:\USERS\PCHOME\DESKTOP\PERíODO 2\PROGRAMACAO 2\PROJETO\MEET THE SCOUT - FINAL\MEET THE SCOUT\RELEASE\FASE2.OBJ
C:\USERS\PCHOME\DESKTOP\PERíODO 2\PROGRAMACAO 2\PROJETO\MEET THE SCOUT - FINAL\MEET THE SCOUT\RELEASE\FASE3.OBJ
C:\USERS\PCHOME\DESKTOP\PERíODO 2\PROGRAMACAO 2\PROJETO\MEET THE SCOUT - FINAL\MEET THE SCOUT\RELEASE\FASEBATALHA.OBJ
C:\USERS\PCHOME\DESKTOP\PERíODO 2\PROGRAMACAO 2\PROJETO\MEET THE SCOUT - FINAL\MEET THE SCOUT\RELEASE\FUNDO.OBJ
C:\USERS\PCHOME\DESKTOP\PERíODO 2\PROGRAMACAO 2\PROJETO\MEET THE SCOUT - FINAL\MEET THE SCOUT\RELEASE\GERENCIADOR_SAVE.OBJ
C:\USERS\PCHOME\DESKTOP\PERíODO 2\PROGRAMACAO 2\PROJETO\MEET THE SCOUT - FINAL\MEET THE SCOUT\RELEASE\GERENCIADORARQUIVOS.OBJ
C:\USERS\PCHOME\DESKTOP\PERíODO 2\PROGRAMACAO 2\PROJETO\MEET THE SCOUT - FINAL\MEET THE SCOUT\RELEASE\GERENCIADORCOLISAO.OBJ
C:\USERS\PCHOME\DESKTOP\PERíODO 2\PROGRAMACAO 2\PROJETO\MEET THE SCOUT - FINAL\MEET THE SCOUT\RELEASE\GERENCIADORGRAFICO.OBJ
C:\USERS\PCHOME\DESKTOP\PERíODO 2\PROGRAMACAO 2\PROJETO\MEET THE SCOUT - FINAL\MEET THE SCOUT\RELEASE\HEAVY.OBJ
C:\USERS\PCHOME\DESKTOP\PERíODO 2\PROGRAMACAO 2\PROJETO\MEET THE SCOUT - FINAL\MEET THE SCOUT\RELEASE\IMPRIMEINFOS.OBJ
C:\USERS\PCHOME\DESKTOP\PERíODO 2\PROGRAMACAO 2\PROJETO\MEET THE SCOUT - FINAL\MEET THE SCOUT\RELEASE\INIMIGO.OBJ
C:\USERS\PCHOME\DESKTOP\PERíODO 2\PROGRAMACAO 2\PROJETO\MEET THE SCOUT - FINAL\MEET THE SCOUT\RELEASE\JOGADOR.OBJ
C:\USERS\PCHOME\DESKTOP\PERíODO 2\PROGRAMACAO 2\PROJETO\MEET THE SCOUT - FINAL\MEET THE SCOUT\RELEASE\JOGO.OBJ
C:\Users\PCHOME\Desktop\Período 2\Programacao 2\Projeto\Meet The Scout - FINAL\Meet The Scout\Release\link.command.1.tlog
C:\Users\PCHOME\Desktop\Período 2\Programacao 2\Projeto\Meet The Scout - FINAL\Meet The Scout\Release\link.read.1.tlog
C:\Users\PCHOME\Desktop\Período 2\Programacao 2\Projeto\Meet The Scout - FINAL\Meet The Scout\Release\link.write.1.tlog
C:\USERS\PCHOME\DESKTOP\PERíODO 2\PROGRAMACAO 2\PROJETO\MEET THE SCOUT - FINAL\MEET THE SCOUT\RELEASE\MEET THE SCOUT.EXE.INTERMEDIATE.MANIFEST
C:\USERS\PCHOME\DESKTOP\PERíODO 2\PROGRAMACAO 2\PROJETO\MEET THE SCOUT - FINAL\MEET THE SCOUT\RELEASE\MEET THE SCOUT.OBJ
C:\USERS\PCHOME\DESKTOP\PERíODO 2\PROGRAMACAO 2\PROJETO\MEET THE SCOUT - FINAL\MEET THE SCOUT\RELEASE\MEET THE SCOUT.PCH
C:\Users\PCHOME\Desktop\Período 2\Programacao 2\Projeto\Meet The Scout - FINAL\Meet The Scout\Release\Meet The Scout.vcxprojResolveAssemblyReference.cache
C:\Users\PCHOME\Desktop\Período 2\Programacao 2\Projeto\Meet The Scout - FINAL\Meet The Scout\Release\Meet The Scout.write.1.tlog
C:\USERS\PCHOME\DESKTOP\PERíODO 2\PROGRAMACAO 2\PROJETO\MEET THE SCOUT - FINAL\MEET THE SCOUT\RELEASE\MENU.OBJ
C:\USERS\PCHOME\DESKTOP\PERíODO 2\PROGRAMACAO 2\PROJETO\MEET THE SCOUT - FINAL\MEET THE SCOUT\RELEASE\MENUESCOLHERFASE.OBJ
C:\USERS\PCHOME\DESKTOP\PERíODO 2\PROGRAMACAO 2\PROJETO\MEET THE SCOUT - FINAL\MEET THE SCOUT\RELEASE\MENUJOGAR.OBJ
C:\USERS\PCHOME\DESKTOP\PERíODO 2\PROGRAMACAO 2\PROJETO\MEET THE SCOUT - FINAL\MEET THE SCOUT\RELEASE\MENUPAUSAR.OBJ
C:\USERS\PCHOME\DESKTOP\PERíODO 2\PROGRAMACAO 2\PROJETO\MEET THE SCOUT - FINAL\MEET THE SCOUT\RELEASE\MENURAIZ.OBJ
C:\Users\PCHOME\Desktop\Período 2\Programacao 2\Projeto\Meet The Scout - FINAL\Meet The Scout\Release\mt.command.1.tlog
C:\Users\PCHOME\Desktop\Período 2\Programacao 2\Projeto\Meet The Scout - FINAL\Meet The Scout\Release\mt.read.1.tlog
C:\Users\PCHOME\Desktop\Período 2\Programacao 2\Projeto\Meet The Scout - FINAL\Meet The Scout\Release\mt.write.1.tlog
C:\USERS\PCHOME\DESKTOP\PERíODO 2\PROGRAMACAO 2\PROJETO\MEET THE SCOUT - FINAL\MEET THE SCOUT\RELEASE\OBSTACULO.OBJ
C:\USERS\PCHOME\DESKTOP\PERíODO 2\PROGRAMACAO 2\PROJETO\MEET THE SCOUT - FINAL\MEET THE SCOUT\RELEASE\PERSONAGEM.OBJ
C:\USERS\PCHOME\DESKTOP\PERíODO 2\PROGRAMACAO 2\PROJETO\MEET THE SCOUT - FINAL\MEET THE SCOUT\RELEASE\PRINCIPAL.OBJ
C:\USERS\PCHOME\DESKTOP\PERíODO 2\PROGRAMACAO 2\PROJETO\MEET THE SCOUT - FINAL\MEET THE SCOUT\RELEASE\PYRO.OBJ
C:\USERS\PCHOME\DESKTOP\PERíODO 2\PROGRAMACAO 2\PROJETO\MEET THE SCOUT - FINAL\MEET THE SCOUT\RELEASE\SENTRY.OBJ
C:\USERS\PCHOME\DESKTOP\PERíODO 2\PROGRAMACAO 2\PROJETO\MEET THE SCOUT - FINAL\MEET THE SCOUT\RELEASE\SOLDIER.OBJ
C:\USERS\PCHOME\DESKTOP\PERíODO 2\PROGRAMACAO 2\PROJETO\MEET THE SCOUT - FINAL\MEET THE SCOUT\RELEASE\SPY.OBJ
C:\USERS\PCHOME\DESKTOP\PERíODO 2\PROGRAMACAO 2\PROJETO\MEET THE SCOUT - FINAL\MEET THE SCOUT\RELEASE\STDAFX.OBJ
C:\USERS\PCHOME\DESKTOP\PERíODO 2\PROGRAMACAO 2\PROJETO\MEET THE SCOUT - FINAL\MEET THE SCOUT\RELEASE\TECLADO.OBJ
C:\USERS\PCHOME\DESKTOP\PERíODO 2\PROGRAMACAO 2\PROJETO\MEET THE SCOUT - FINAL\MEET THE SCOUT\RELEASE\TECS.OBJ
C:\USERS\PCHOME\DESKTOP\PERíODO 2\PROGRAMACAO 2\PROJETO\MEET THE SCOUT - FINAL\MEET THE SCOUT\RELEASE\TIMERFPS.OBJ
C:\USERS\PCHOME\DESKTOP\PERíODO 2\PROGRAMACAO 2\PROJETO\MEET THE SCOUT - FINAL\MEET THE SCOUT\RELEASE\USUARIO.OBJ
C:\USERS\PCHOME\DESKTOP\PERÍODO 2\PROGRAMACAO 2\PROJETO\MEET THE SCOUT - FINAL\MEET THE SCOUT\RELEASE\VC100.PDB
C:\USERS\PCHOME\DESKTOP\PERíODO 2\PROGRAMACAO 2\PROJETO\MEET THE SCOUT - FINAL\RELEASE\MEET THE SCOUT.EXE
C:\USERS\PCHOME\DESKTOP\PERÍODO 2\PROGRAMACAO 2\PROJETO\MEET THE SCOUT - FINAL\RELEASE\MEET THE SCOUT.PDB
