C:\USERS\ADIL\SKYDRIVE\UTFPR\ENGENHARIA\2 PERIODO\SIMãO 1\PROJETO\MEET THE SCOUT COM SALVAR JOGADA(PERSISTENCIA) E CARREGAR DADOS\MEET THE SCOUT\DEBUG\MEET THE SCOUT.EXE
C:\USERS\ADIL\SKYDRIVE\UTFPR\ENGENHARIA\2 PERIODO\SIMãO 1\PROJETO\MEET THE SCOUT COM SALVAR JOGADA(PERSISTENCIA) E CARREGAR DADOS\MEET THE SCOUT\DEBUG\MEET THE SCOUT.ILK
C:\USERS\ADIL\SKYDRIVE\UTFPR\ENGENHARIA\2 PERIODO\SIMÃO 1\PROJETO\MEET THE SCOUT COM SALVAR JOGADA(PERSISTENCIA) E CARREGAR DADOS\MEET THE SCOUT\DEBUG\MEET THE SCOUT.PDB
C:\USERS\ADIL\SKYDRIVE\UTFPR\ENGENHARIA\2 PERIODO\SIMãO 1\PROJETO\MEET THE SCOUT COM SALVAR JOGADA(PERSISTENCIA) E CARREGAR DADOS\MEET THE SCOUT\MEET THE SCOUT\DEBUG\CAIXA.OBJ
C:\USERS\ADIL\SKYDRIVE\UTFPR\ENGENHARIA\2 PERIODO\SIMãO 1\PROJETO\MEET THE SCOUT COM SALVAR JOGADA(PERSISTENCIA) E CARREGAR DADOS\MEET THE SCOUT\MEET THE SCOUT\DEBUG\CART.OBJ
C:\USERS\ADIL\SKYDRIVE\UTFPR\ENGENHARIA\2 PERIODO\SIMãO 1\PROJETO\MEET THE SCOUT COM SALVAR JOGADA(PERSISTENCIA) E CARREGAR DADOS\MEET THE SCOUT\MEET THE SCOUT\DEBUG\CENARIO.OBJ
C:\USERS\ADIL\SKYDRIVE\UTFPR\ENGENHARIA\2 PERIODO\SIMãO 1\PROJETO\MEET THE SCOUT COM SALVAR JOGADA(PERSISTENCIA) E CARREGAR DADOS\MEET THE SCOUT\MEET THE SCOUT\DEBUG\CENARIO1.OBJ
C:\USERS\ADIL\SKYDRIVE\UTFPR\ENGENHARIA\2 PERIODO\SIMãO 1\PROJETO\MEET THE SCOUT COM SALVAR JOGADA(PERSISTENCIA) E CARREGAR DADOS\MEET THE SCOUT\MEET THE SCOUT\DEBUG\CENARIO2.OBJ
C:\USERS\ADIL\SKYDRIVE\UTFPR\ENGENHARIA\2 PERIODO\SIMãO 1\PROJETO\MEET THE SCOUT COM SALVAR JOGADA(PERSISTENCIA) E CARREGAR DADOS\MEET THE SCOUT\MEET THE SCOUT\DEBUG\CENARIO3.OBJ
C:\Users\Adil\SkyDrive\UTFPR\Engenharia\2 Periodo\Simão 1\Projeto\Meet The Scout com salvar jogada(persistencia) e carregar dados\Meet The Scout\Meet The Scout\Debug\cl.command.1.tlog
C:\Users\Adil\SkyDrive\UTFPR\Engenharia\2 Periodo\Simão 1\Projeto\Meet The Scout com salvar jogada(persistencia) e carregar dados\Meet The Scout\Meet The Scout\Debug\CL.read.1.tlog
C:\Users\Adil\SkyDrive\UTFPR\Engenharia\2 Periodo\Simão 1\Projeto\Meet The Scout com salvar jogada(persistencia) e carregar dados\Meet The Scout\Meet The Scout\Debug\CL.write.1.tlog
C:\USERS\ADIL\SKYDRIVE\UTFPR\ENGENHARIA\2 PERIODO\SIMãO 1\PROJETO\MEET THE SCOUT COM SALVAR JOGADA(PERSISTENCIA) E CARREGAR DADOS\MEET THE SCOUT\MEET THE SCOUT\DEBUG\CONTAINER.OBJ
C:\USERS\ADIL\SKYDRIVE\UTFPR\ENGENHARIA\2 PERIODO\SIMãO 1\PROJETO\MEET THE SCOUT COM SALVAR JOGADA(PERSISTENCIA) E CARREGAR DADOS\MEET THE SCOUT\MEET THE SCOUT\DEBUG\DEMOMAN.OBJ
C:\USERS\ADIL\SKYDRIVE\UTFPR\ENGENHARIA\2 PERIODO\SIMãO 1\PROJETO\MEET THE SCOUT COM SALVAR JOGADA(PERSISTENCIA) E CARREGAR DADOS\MEET THE SCOUT\MEET THE SCOUT\DEBUG\DISPENSER.OBJ
C:\USERS\ADIL\SKYDRIVE\UTFPR\ENGENHARIA\2 PERIODO\SIMãO 1\PROJETO\MEET THE SCOUT COM SALVAR JOGADA(PERSISTENCIA) E CARREGAR DADOS\MEET THE SCOUT\MEET THE SCOUT\DEBUG\ENGINEER.OBJ
C:\USERS\ADIL\SKYDRIVE\UTFPR\ENGENHARIA\2 PERIODO\SIMãO 1\PROJETO\MEET THE SCOUT COM SALVAR JOGADA(PERSISTENCIA) E CARREGAR DADOS\MEET THE SCOUT\MEET THE SCOUT\DEBUG\ENTIDADE.OBJ
C:\USERS\ADIL\SKYDRIVE\UTFPR\ENGENHARIA\2 PERIODO\SIMãO 1\PROJETO\MEET THE SCOUT COM SALVAR JOGADA(PERSISTENCIA) E CARREGAR DADOS\MEET THE SCOUT\MEET THE SCOUT\DEBUG\FABRICAOBSTACULO.OBJ
C:\USERS\ADIL\SKYDRIVE\UTFPR\ENGENHARIA\2 PERIODO\SIMãO 1\PROJETO\MEET THE SCOUT COM SALVAR JOGADA(PERSISTENCIA) E CARREGAR DADOS\MEET THE SCOUT\MEET THE SCOUT\DEBUG\FASE.OBJ
C:\USERS\ADIL\SKYDRIVE\UTFPR\ENGENHARIA\2 PERIODO\SIMãO 1\PROJETO\MEET THE SCOUT COM SALVAR JOGADA(PERSISTENCIA) E CARREGAR DADOS\MEET THE SCOUT\MEET THE SCOUT\DEBUG\FASE1.OBJ
C:\USERS\ADIL\SKYDRIVE\UTFPR\ENGENHARIA\2 PERIODO\SIMãO 1\PROJETO\MEET THE SCOUT COM SALVAR JOGADA(PERSISTENCIA) E CARREGAR DADOS\MEET THE SCOUT\MEET THE SCOUT\DEBUG\FASE2.OBJ
C:\USERS\ADIL\SKYDRIVE\UTFPR\ENGENHARIA\2 PERIODO\SIMãO 1\PROJETO\MEET THE SCOUT COM SALVAR JOGADA(PERSISTENCIA) E CARREGAR DADOS\MEET THE SCOUT\MEET THE SCOUT\DEBUG\FASE3.OBJ
C:\USERS\ADIL\SKYDRIVE\UTFPR\ENGENHARIA\2 PERIODO\SIMãO 1\PROJETO\MEET THE SCOUT COM SALVAR JOGADA(PERSISTENCIA) E CARREGAR DADOS\MEET THE SCOUT\MEET THE SCOUT\DEBUG\FASEBATALHA.OBJ
C:\USERS\ADIL\SKYDRIVE\UTFPR\ENGENHARIA\2 PERIODO\SIMãO 1\PROJETO\MEET THE SCOUT COM SALVAR JOGADA(PERSISTENCIA) E CARREGAR DADOS\MEET THE SCOUT\MEET THE SCOUT\DEBUG\FUNDO.OBJ
C:\USERS\ADIL\SKYDRIVE\UTFPR\ENGENHARIA\2 PERIODO\SIMãO 1\PROJETO\MEET THE SCOUT COM SALVAR JOGADA(PERSISTENCIA) E CARREGAR DADOS\MEET THE SCOUT\MEET THE SCOUT\DEBUG\GERENCIADOR_SAVE.OBJ
C:\USERS\ADIL\SKYDRIVE\UTFPR\ENGENHARIA\2 PERIODO\SIMãO 1\PROJETO\MEET THE SCOUT COM SALVAR JOGADA(PERSISTENCIA) E CARREGAR DADOS\MEET THE SCOUT\MEET THE SCOUT\DEBUG\GERENCIADORARQUIVOS.OBJ
C:\USERS\ADIL\SKYDRIVE\UTFPR\ENGENHARIA\2 PERIODO\SIMãO 1\PROJETO\MEET THE SCOUT COM SALVAR JOGADA(PERSISTENCIA) E CARREGAR DADOS\MEET THE SCOUT\MEET THE SCOUT\DEBUG\GERENCIADORCOLISAO.OBJ
C:\USERS\ADIL\SKYDRIVE\UTFPR\ENGENHARIA\2 PERIODO\SIMãO 1\PROJETO\MEET THE SCOUT COM SALVAR JOGADA(PERSISTENCIA) E CARREGAR DADOS\MEET THE SCOUT\MEET THE SCOUT\DEBUG\GERENCIADORGRAFICO.OBJ
C:\USERS\ADIL\SKYDRIVE\UTFPR\ENGENHARIA\2 PERIODO\SIMãO 1\PROJETO\MEET THE SCOUT COM SALVAR JOGADA(PERSISTENCIA) E CARREGAR DADOS\MEET THE SCOUT\MEET THE SCOUT\DEBUG\HEAVY.OBJ
C:\USERS\ADIL\SKYDRIVE\UTFPR\ENGENHARIA\2 PERIODO\SIMãO 1\PROJETO\MEET THE SCOUT COM SALVAR JOGADA(PERSISTENCIA) E CARREGAR DADOS\MEET THE SCOUT\MEET THE SCOUT\DEBUG\IMPRIMEINFOS.OBJ
C:\USERS\ADIL\SKYDRIVE\UTFPR\ENGENHARIA\2 PERIODO\SIMãO 1\PROJETO\MEET THE SCOUT COM SALVAR JOGADA(PERSISTENCIA) E CARREGAR DADOS\MEET THE SCOUT\MEET THE SCOUT\DEBUG\INIMIGO.OBJ
C:\USERS\ADIL\SKYDRIVE\UTFPR\ENGENHARIA\2 PERIODO\SIMãO 1\PROJETO\MEET THE SCOUT COM SALVAR JOGADA(PERSISTENCIA) E CARREGAR DADOS\MEET THE SCOUT\MEET THE SCOUT\DEBUG\JOGADOR.OBJ
C:\USERS\ADIL\SKYDRIVE\UTFPR\ENGENHARIA\2 PERIODO\SIMãO 1\PROJETO\MEET THE SCOUT COM SALVAR JOGADA(PERSISTENCIA) E CARREGAR DADOS\MEET THE SCOUT\MEET THE SCOUT\DEBUG\JOGO.OBJ
C:\Users\Adil\SkyDrive\UTFPR\Engenharia\2 Periodo\Simão 1\Projeto\Meet The Scout com salvar jogada(persistencia) e carregar dados\Meet The Scout\Meet The Scout\Debug\link.14512.read.1.tlog
C:\Users\Adil\SkyDrive\UTFPR\Engenharia\2 Periodo\Simão 1\Projeto\Meet The Scout com salvar jogada(persistencia) e carregar dados\Meet The Scout\Meet The Scout\Debug\link.14512.write.1.tlog
C:\Users\Adil\SkyDrive\UTFPR\Engenharia\2 Periodo\Simão 1\Projeto\Meet The Scout com salvar jogada(persistencia) e carregar dados\Meet The Scout\Meet The Scout\Debug\link.14512-cvtres.read.1.tlog
C:\Users\Adil\SkyDrive\UTFPR\Engenharia\2 Periodo\Simão 1\Projeto\Meet The Scout com salvar jogada(persistencia) e carregar dados\Meet The Scout\Meet The Scout\Debug\link.14512-cvtres.write.1.tlog
C:\Users\Adil\SkyDrive\UTFPR\Engenharia\2 Periodo\Simão 1\Projeto\Meet The Scout com salvar jogada(persistencia) e carregar dados\Meet The Scout\Meet The Scout\Debug\link.command.1.tlog
C:\Users\Adil\SkyDrive\UTFPR\Engenharia\2 Periodo\Simão 1\Projeto\Meet The Scout com salvar jogada(persistencia) e carregar dados\Meet The Scout\Meet The Scout\Debug\link.read.1.tlog
C:\Users\Adil\SkyDrive\UTFPR\Engenharia\2 Periodo\Simão 1\Projeto\Meet The Scout com salvar jogada(persistencia) e carregar dados\Meet The Scout\Meet The Scout\Debug\link.write.1.tlog
C:\Users\Adil\SkyDrive\UTFPR\Engenharia\2 Periodo\Simão 1\Projeto\Meet The Scout com salvar jogada(persistencia) e carregar dados\Meet The Scout\Meet The Scout\Debug\link-cvtres.read.1.tlog
C:\Users\Adil\SkyDrive\UTFPR\Engenharia\2 Periodo\Simão 1\Projeto\Meet The Scout com salvar jogada(persistencia) e carregar dados\Meet The Scout\Meet The Scout\Debug\link-cvtres.write.1.tlog
C:\USERS\ADIL\SKYDRIVE\UTFPR\ENGENHARIA\2 PERIODO\SIMãO 1\PROJETO\MEET THE SCOUT COM SALVAR JOGADA(PERSISTENCIA) E CARREGAR DADOS\MEET THE SCOUT\MEET THE SCOUT\DEBUG\MEET THE SCOUT.EXE.EMBED.MANIFEST
C:\USERS\ADIL\SKYDRIVE\UTFPR\ENGENHARIA\2 PERIODO\SIMãO 1\PROJETO\MEET THE SCOUT COM SALVAR JOGADA(PERSISTENCIA) E CARREGAR DADOS\MEET THE SCOUT\MEET THE SCOUT\DEBUG\MEET THE SCOUT.EXE.EMBED.MANIFEST.RES
C:\USERS\ADIL\SKYDRIVE\UTFPR\ENGENHARIA\2 PERIODO\SIMãO 1\PROJETO\MEET THE SCOUT COM SALVAR JOGADA(PERSISTENCIA) E CARREGAR DADOS\MEET THE SCOUT\MEET THE SCOUT\DEBUG\MEET THE SCOUT.EXE.INTERMEDIATE.MANIFEST
C:\USERS\ADIL\SKYDRIVE\UTFPR\ENGENHARIA\2 PERIODO\SIMãO 1\PROJETO\MEET THE SCOUT COM SALVAR JOGADA(PERSISTENCIA) E CARREGAR DADOS\MEET THE SCOUT\MEET THE SCOUT\DEBUG\MEET THE SCOUT.OBJ
C:\USERS\ADIL\SKYDRIVE\UTFPR\ENGENHARIA\2 PERIODO\SIMãO 1\PROJETO\MEET THE SCOUT COM SALVAR JOGADA(PERSISTENCIA) E CARREGAR DADOS\MEET THE SCOUT\MEET THE SCOUT\DEBUG\MEET THE SCOUT.PCH
C:\Users\Adil\SkyDrive\UTFPR\Engenharia\2 Periodo\Simão 1\Projeto\Meet The Scout com salvar jogada(persistencia) e carregar dados\Meet The Scout\Meet The Scout\Debug\Meet The Scout.write.1.tlog
C:\Users\Adil\SkyDrive\UTFPR\Engenharia\2 Periodo\Simão 1\Projeto\Meet The Scout com salvar jogada(persistencia) e carregar dados\Meet The Scout\Meet The Scout\Debug\Meet The Scout_manifest.rc
C:\USERS\ADIL\SKYDRIVE\UTFPR\ENGENHARIA\2 PERIODO\SIMãO 1\PROJETO\MEET THE SCOUT COM SALVAR JOGADA(PERSISTENCIA) E CARREGAR DADOS\MEET THE SCOUT\MEET THE SCOUT\DEBUG\MENU.OBJ
C:\USERS\ADIL\SKYDRIVE\UTFPR\ENGENHARIA\2 PERIODO\SIMãO 1\PROJETO\MEET THE SCOUT COM SALVAR JOGADA(PERSISTENCIA) E CARREGAR DADOS\MEET THE SCOUT\MEET THE SCOUT\DEBUG\MENUESCOLHERFASE.OBJ
C:\USERS\ADIL\SKYDRIVE\UTFPR\ENGENHARIA\2 PERIODO\SIMãO 1\PROJETO\MEET THE SCOUT COM SALVAR JOGADA(PERSISTENCIA) E CARREGAR DADOS\MEET THE SCOUT\MEET THE SCOUT\DEBUG\MENUJOGAR.OBJ
C:\USERS\ADIL\SKYDRIVE\UTFPR\ENGENHARIA\2 PERIODO\SIMãO 1\PROJETO\MEET THE SCOUT COM SALVAR JOGADA(PERSISTENCIA) E CARREGAR DADOS\MEET THE SCOUT\MEET THE SCOUT\DEBUG\MENUPAUSAR.OBJ
C:\USERS\ADIL\SKYDRIVE\UTFPR\ENGENHARIA\2 PERIODO\SIMãO 1\PROJETO\MEET THE SCOUT COM SALVAR JOGADA(PERSISTENCIA) E CARREGAR DADOS\MEET THE SCOUT\MEET THE SCOUT\DEBUG\MENURAIZ.OBJ
C:\Users\Adil\SkyDrive\UTFPR\Engenharia\2 Periodo\Simão 1\Projeto\Meet The Scout com salvar jogada(persistencia) e carregar dados\Meet The Scout\Meet The Scout\Debug\mt.command.1.tlog
C:\Users\Adil\SkyDrive\UTFPR\Engenharia\2 Periodo\Simão 1\Projeto\Meet The Scout com salvar jogada(persistencia) e carregar dados\Meet The Scout\Meet The Scout\Debug\mt.read.1.tlog
C:\Users\Adil\SkyDrive\UTFPR\Engenharia\2 Periodo\Simão 1\Projeto\Meet The Scout com salvar jogada(persistencia) e carregar dados\Meet The Scout\Meet The Scout\Debug\mt.write.1.tlog
C:\USERS\ADIL\SKYDRIVE\UTFPR\ENGENHARIA\2 PERIODO\SIMãO 1\PROJETO\MEET THE SCOUT COM SALVAR JOGADA(PERSISTENCIA) E CARREGAR DADOS\MEET THE SCOUT\MEET THE SCOUT\DEBUG\OBSTACULO.OBJ
C:\USERS\ADIL\SKYDRIVE\UTFPR\ENGENHARIA\2 PERIODO\SIMãO 1\PROJETO\MEET THE SCOUT COM SALVAR JOGADA(PERSISTENCIA) E CARREGAR DADOS\MEET THE SCOUT\MEET THE SCOUT\DEBUG\PERSONAGEM.OBJ
C:\USERS\ADIL\SKYDRIVE\UTFPR\ENGENHARIA\2 PERIODO\SIMãO 1\PROJETO\MEET THE SCOUT COM SALVAR JOGADA(PERSISTENCIA) E CARREGAR DADOS\MEET THE SCOUT\MEET THE SCOUT\DEBUG\PRINCIPAL.OBJ
C:\USERS\ADIL\SKYDRIVE\UTFPR\ENGENHARIA\2 PERIODO\SIMãO 1\PROJETO\MEET THE SCOUT COM SALVAR JOGADA(PERSISTENCIA) E CARREGAR DADOS\MEET THE SCOUT\MEET THE SCOUT\DEBUG\PYRO.OBJ
C:\Users\Adil\SkyDrive\UTFPR\Engenharia\2 Periodo\Simão 1\Projeto\Meet The Scout com salvar jogada(persistencia) e carregar dados\Meet The Scout\Meet The Scout\Debug\rc.command.1.tlog
C:\Users\Adil\SkyDrive\UTFPR\Engenharia\2 Periodo\Simão 1\Projeto\Meet The Scout com salvar jogada(persistencia) e carregar dados\Meet The Scout\Meet The Scout\Debug\rc.read.1.tlog
C:\Users\Adil\SkyDrive\UTFPR\Engenharia\2 Periodo\Simão 1\Projeto\Meet The Scout com salvar jogada(persistencia) e carregar dados\Meet The Scout\Meet The Scout\Debug\rc.write.1.tlog
C:\USERS\ADIL\SKYDRIVE\UTFPR\ENGENHARIA\2 PERIODO\SIMãO 1\PROJETO\MEET THE SCOUT COM SALVAR JOGADA(PERSISTENCIA) E CARREGAR DADOS\MEET THE SCOUT\MEET THE SCOUT\DEBUG\SENTRY.OBJ
C:\USERS\ADIL\SKYDRIVE\UTFPR\ENGENHARIA\2 PERIODO\SIMãO 1\PROJETO\MEET THE SCOUT COM SALVAR JOGADA(PERSISTENCIA) E CARREGAR DADOS\MEET THE SCOUT\MEET THE SCOUT\DEBUG\SOLDIER.OBJ
C:\USERS\ADIL\SKYDRIVE\UTFPR\ENGENHARIA\2 PERIODO\SIMãO 1\PROJETO\MEET THE SCOUT COM SALVAR JOGADA(PERSISTENCIA) E CARREGAR DADOS\MEET THE SCOUT\MEET THE SCOUT\DEBUG\SPY.OBJ
C:\USERS\ADIL\SKYDRIVE\UTFPR\ENGENHARIA\2 PERIODO\SIMãO 1\PROJETO\MEET THE SCOUT COM SALVAR JOGADA(PERSISTENCIA) E CARREGAR DADOS\MEET THE SCOUT\MEET THE SCOUT\DEBUG\STDAFX.OBJ
C:\USERS\ADIL\SKYDRIVE\UTFPR\ENGENHARIA\2 PERIODO\SIMãO 1\PROJETO\MEET THE SCOUT COM SALVAR JOGADA(PERSISTENCIA) E CARREGAR DADOS\MEET THE SCOUT\MEET THE SCOUT\DEBUG\TECLADO.OBJ
C:\USERS\ADIL\SKYDRIVE\UTFPR\ENGENHARIA\2 PERIODO\SIMãO 1\PROJETO\MEET THE SCOUT COM SALVAR JOGADA(PERSISTENCIA) E CARREGAR DADOS\MEET THE SCOUT\MEET THE SCOUT\DEBUG\TECS.OBJ
C:\USERS\ADIL\SKYDRIVE\UTFPR\ENGENHARIA\2 PERIODO\SIMãO 1\PROJETO\MEET THE SCOUT COM SALVAR JOGADA(PERSISTENCIA) E CARREGAR DADOS\MEET THE SCOUT\MEET THE SCOUT\DEBUG\TIMERFPS.OBJ
C:\USERS\ADIL\SKYDRIVE\UTFPR\ENGENHARIA\2 PERIODO\SIMãO 1\PROJETO\MEET THE SCOUT COM SALVAR JOGADA(PERSISTENCIA) E CARREGAR DADOS\MEET THE SCOUT\MEET THE SCOUT\DEBUG\USUARIO.OBJ
C:\Users\Adil\SkyDrive\UTFPR\Engenharia\2 Periodo\Simão 1\Projeto\Meet The Scout com salvar jogada(persistencia) e carregar dados\Meet The Scout\Meet The Scout\Debug\vc100.idb
C:\USERS\ADIL\SKYDRIVE\UTFPR\ENGENHARIA\2 PERIODO\SIMÃO 1\PROJETO\MEET THE SCOUT COM SALVAR JOGADA(PERSISTENCIA) E CARREGAR DADOS\MEET THE SCOUT\MEET THE SCOUT\DEBUG\VC100.PDB
