Build started 20/06/2016 01:46:34.
     1>Project "C:\Users\Adil\SkyDrive\UTFPR\Engenharia\2 Periodo\Simão 1\Projeto\Meet The Scout com salvar jogada(persistencia) e carregar dados\Meet The Scout\Meet The Scout\Meet The Scout.vcxproj" on node 2 (build target(s)).
     1>InitializeBuildStatus:
         Creating "Debug\Meet The Scout.unsuccessfulbuild" because "AlwaysCreate" was specified.
       ClCompile:
         All outputs are up-to-date.
         C:\Program Files (x86)\Microsoft Visual Studio 10.0\VC\bin\CL.exe /c /ZI /nologo /W3 /WX- /Od /Oy- /D WIN32 /D _DEBUG /D _CONSOLE /D _UNICODE /D UNICODE /Gm /EHsc /RTC1 /MDd /GS /fp:precise /Zc:wchar_t /Zc:forScope /Yu"StdAfx.h" /Fp"Debug\Meet The Scout.pch" /Fo"Debug\\" /Fd"Debug\vc100.pdb" /Gd /TP /analyze- /errorReport:prompt Jogo.cpp
         Jogo.cpp
       ManifestResourceCompile:
         All outputs are up-to-date.
       Link:
         C:\Program Files (x86)\Microsoft Visual Studio 10.0\VC\bin\link.exe /ERRORREPORT:PROMPT /OUT:"C:\Users\Adil\SkyDrive\UTFPR\Engenharia\2 Periodo\Simão 1\Projeto\Meet The Scout com salvar jogada(persistencia) e carregar dados\Meet The Scout\Debug\Meet The Scout.exe" /INCREMENTAL /NOLOGO "allegro-4.4.2-monolith-mt-debug.lib" kernel32.lib user32.lib gdi32.lib winspool.lib comdlg32.lib advapi32.lib shell32.lib ole32.lib oleaut32.lib uuid.lib odbc32.lib odbccp32.lib /MANIFEST /ManifestFile:"Debug\Meet The Scout.exe.intermediate.manifest" /MANIFESTUAC:"level='asInvoker' uiAccess='false'" /DEBUG /PDB:"C:\Users\Adil\SkyDrive\UTFPR\Engenharia\2 Periodo\Simão 1\Projeto\Meet The Scout com salvar jogada(persistencia) e carregar dados\Meet The Scout\Debug\Meet The Scout.pdb" /SUBSYSTEM:CONSOLE /TLBID:1 /DYNAMICBASE /NXCOMPAT /IMPLIB:"C:\Users\Adil\SkyDrive\UTFPR\Engenharia\2 Periodo\Simão 1\Projeto\Meet The Scout com salvar jogada(persistencia) e carregar dados\Meet The Scout\Debug\Meet The Scout.lib" /MACHINE:X86 "Debug\Meet The Scout.exe.embed.manifest.res"
         Debug\Caixa.obj
         Debug\Cart.obj
         Debug\Fundo.obj
         Debug\Container.obj
         Debug\Demoman.obj
         Debug\Dispenser.obj
         Debug\Engineer.obj
         Debug\Entidade.obj
         Debug\FabricaObstaculo.obj
         Debug\Fase.obj
         Debug\Fase1.obj
         Debug\Fase2.obj
         Debug\Fase3.obj
         Debug\FaseBatalha.obj
         Debug\GerenciadorArquivos.obj
         Debug\GerenciadorColisao.obj
         Debug\GerenciadorGrafico.obj
         Debug\Gerenciador_Save.obj
         Debug\Heavy.obj
         Debug\ImprimeInfos.obj
         Debug\Inimigo.obj
         Debug\Jogador.obj
         Debug\Jogo.obj
         "Debug\Meet The Scout.obj"
         Debug\Menu.obj
         Debug\MenuEscolherFase.obj
         Debug\MenuJogar.obj
         Debug\MenuPausar.obj
         Debug\MenuRaiz.obj
         Debug\Obstaculo.obj
         Debug\Personagem.obj
         Debug\Principal.obj
         Debug\Pyro.obj
         Debug\Sentry.obj
         Debug\Soldier.obj
         Debug\Spy.obj
         Debug\stdafx.obj
         Debug\Teclado.obj
         Debug\Tecs.obj
         Debug\Cenario.obj
         Debug\Cenario1.obj
         Debug\Cenario2.obj
         Debug\Cenario3.obj
         Debug\TimerFPS.obj
         Debug\Usuario.obj
       Manifest:
         C:\Program Files (x86)\Microsoft SDKs\Windows\v7.0A\bin\mt.exe /nologo /verbose /out:"Debug\Meet The Scout.exe.embed.manifest" /manifest "Debug\Meet The Scout.exe.intermediate.manifest"
         All outputs are up-to-date.
       LinkEmbedManifest:
         All outputs are up-to-date.
         Meet The Scout.vcxproj -> C:\Users\Adil\SkyDrive\UTFPR\Engenharia\2 Periodo\Simão 1\Projeto\Meet The Scout com salvar jogada(persistencia) e carregar dados\Meet The Scout\Debug\Meet The Scout.exe
       FinalizeBuildStatus:
         Deleting file "Debug\Meet The Scout.unsuccessfulbuild".
         Touching "Debug\Meet The Scout.lastbuildstate".
     1>Done Building Project "C:\Users\Adil\SkyDrive\UTFPR\Engenharia\2 Periodo\Simão 1\Projeto\Meet The Scout com salvar jogada(persistencia) e carregar dados\Meet The Scout\Meet The Scout\Meet The Scout.vcxproj" (build target(s)).

Build succeeded.

Time Elapsed 00:00:00.94
